<?xml version="1.0" encoding="UTF-8"?>
<coverage generated="1489444968446" clover="3.2.0">
  <project timestamp="1489444968446" name="All files">
    <metrics statements="10" coveredstatements="10" conditionals="0" coveredconditionals="0" methods="1" coveredmethods="1" elements="11" coveredelements="11" complexity="0" loc="10" ncloc="10" packages="1" files="2" classes="2">
      <file name="Search.js" path="/Users/mdcomputer/Turing/side_projects/more_react_tutorial/js/Search.js">
        <metrics statements="6" coveredstatements="6" conditionals="0" coveredconditionals="0" methods="1" coveredmethods="1"/>
        <line num="5" count="1" type="stmt"/>
        <line num="7" count="3" type="stmt"/>
        <line num="12" count="1" type="stmt"/>
        <line num="15" count="84" type="stmt"/>
        <line num="21" count="4" type="stmt"/>
        <line num="33" count="65" type="stmt"/>
      </file>
      <file name="ShowCard.js" path="/Users/mdcomputer/Turing/side_projects/more_react_tutorial/js/ShowCard.js">
        <metrics statements="4" coveredstatements="4" conditionals="0" coveredconditionals="0" methods="0" coveredmethods="0"/>
        <line num="2" count="2" type="stmt"/>
        <line num="4" count="2" type="stmt"/>
        <line num="12" count="1" type="stmt"/>
        <line num="13" count="1" type="stmt"/>
      </file>
    </metrics>
  </project>
</coverage>
